<?xml version="1.0" encoding="UTF-8"?>
<!-- Generated by org.testng.reporters.JUnitReportReporter -->
<testsuite hostname="LAPTOP-P9UGU7PC" failures="0" tests="3" name="com.qa.Webshop.Test.Test" time="145.859" errors="2" timestamp="2024-01-07T19:06:45 IST" skipped="0">
  <testcase classname="com.qa.Webshop.Test.Test" name="regstrationPage" time="7.422"/>
  <system-out/>
  <testcase classname="com.qa.Webshop.Test.Test" name="buyingBookTest" time="25.078">
    <error message="Error {
  message=&#039;Target page, context or browser has been closed
  name=&#039;TargetClosedError
  stack=&#039;TargetClosedError: Target page, context or browser has been closed
    at DispatcherConnection.dispatch (C:\Users\HP\AppData\Local\Temp\playwright-java-10635733016702679524\package\lib\server\dispatchers\dispatcher.js:364:15)
}
Call log:
- waiting for locator(&quot;[id=&#039;termsofservice&#039;]&quot;)
" type="com.microsoft.playwright.PlaywrightException">
      <![CDATA[com.microsoft.playwright.PlaywrightException: Error {
  message='Target page, context or browser has been closed
  name='TargetClosedError
  stack='TargetClosedError: Target page, context or browser has been closed
    at DispatcherConnection.dispatch (C:\Users\HP\AppData\Local\Temp\playwright-java-10635733016702679524\package\lib\server\dispatchers\dispatcher.js:364:15)
}
Call log:
- waiting for locator("[id='termsofservice']")

at com.microsoft.playwright.impl.WaitableResult.get(WaitableResult.java:54)
at com.microsoft.playwright.impl.ChannelOwner.runUntil(ChannelOwner.java:120)
at com.microsoft.playwright.impl.Connection.sendMessage(Connection.java:129)
at com.microsoft.playwright.impl.ChannelOwner.sendMessage(ChannelOwner.java:106)
at com.microsoft.playwright.impl.FrameImpl.clickImpl(FrameImpl.java:252)
at com.microsoft.playwright.impl.PageImpl.lambda$click$17(PageImpl.java:586)
at com.microsoft.playwright.impl.LoggingSupport.lambda$withLogging$0(LoggingSupport.java:36)
at com.microsoft.playwright.impl.LoggingSupport.withLogging(LoggingSupport.java:47)
at com.microsoft.playwright.impl.ChannelOwner.withLogging(ChannelOwner.java:89)
at com.microsoft.playwright.impl.LoggingSupport.withLogging(LoggingSupport.java:35)
at com.microsoft.playwright.impl.PageImpl.click(PageImpl.java:585)
at com.microsoft.playwright.Page.click(Page.java:3752)
at com.qa.Webshop.Page.BookPage.BuyingBookOptions(BookPage.java:29)
at com.qa.Webshop.Test.Test.buyingBookTest(Test.java:27)
at java.base/jdk.internal.reflect.NativeMethodAccessorImpl.invoke0(Native Method)
at java.base/jdk.internal.reflect.NativeMethodAccessorImpl.invoke(NativeMethodAccessorImpl.java:77)
at java.base/jdk.internal.reflect.DelegatingMethodAccessorImpl.invoke(DelegatingMethodAccessorImpl.java:43)
at java.base/java.lang.reflect.Method.invoke(Method.java:568)
at org.testng.internal.MethodInvocationHelper.invokeMethod(MethodInvocationHelper.java:133)
at org.testng.internal.TestInvoker.invokeMethod(TestInvoker.java:598)
at org.testng.internal.TestInvoker.invokeTestMethod(TestInvoker.java:173)
at org.testng.internal.MethodRunner.runInSequence(MethodRunner.java:46)
at org.testng.internal.TestInvoker$MethodInvocationAgent.invoke(TestInvoker.java:824)
at org.testng.internal.TestInvoker.invokeTestMethods(TestInvoker.java:146)
at org.testng.internal.TestMethodWorker.invokeTestMethods(TestMethodWorker.java:146)
at org.testng.internal.TestMethodWorker.run(TestMethodWorker.java:128)
at java.base/java.util.ArrayList.forEach(ArrayList.java:1511)
at org.testng.TestRunner.privateRun(TestRunner.java:794)
at org.testng.TestRunner.run(TestRunner.java:596)
at org.testng.SuiteRunner.runTest(SuiteRunner.java:377)
at org.testng.SuiteRunner.runSequentially(SuiteRunner.java:371)
at org.testng.SuiteRunner.privateRun(SuiteRunner.java:332)
at org.testng.SuiteRunner.run(SuiteRunner.java:276)
at org.testng.SuiteRunnerWorker.runSuite(SuiteRunnerWorker.java:53)
at org.testng.SuiteRunnerWorker.run(SuiteRunnerWorker.java:96)
at org.testng.TestNG.runSuitesSequentially(TestNG.java:1212)
at org.testng.TestNG.runSuitesLocally(TestNG.java:1134)
at org.testng.TestNG.runSuites(TestNG.java:1063)
at org.testng.TestNG.run(TestNG.java:1031)
at org.testng.remote.AbstractRemoteTestNG.run(AbstractRemoteTestNG.java:115)
at org.testng.remote.RemoteTestNG.initAndRun(RemoteTestNG.java:251)
at org.testng.remote.RemoteTestNG.main(RemoteTestNG.java:77)
Caused by: com.microsoft.playwright.impl.TargetClosedError: Error {
  message='Target page, context or browser has been closed
  name='TargetClosedError
  stack='TargetClosedError: Target page, context or browser has been closed
    at DispatcherConnection.dispatch (C:\Users\HP\AppData\Local\Temp\playwright-java-10635733016702679524\package\lib\server\dispatchers\dispatcher.js:364:15)
}
Call log:
- waiting for locator("[id='termsofservice']")

at com.microsoft.playwright.impl.Connection.dispatch(Connection.java:254)
at com.microsoft.playwright.impl.Connection.processOneMessage(Connection.java:209)
at com.microsoft.playwright.impl.ChannelOwner.runUntil(ChannelOwner.java:118)
... 40 more
]]>
    </error>
  </testcase> <!-- buyingBookTest -->
  <system-out/>
  <testcase classname="com.qa.Webshop.Test.Test" name="checkoutPageTest" time="113.359">
    <error message="Error {
  message=&#039;Target page, context or browser has been closed
  name=&#039;TargetClosedError
  stack=&#039;TargetClosedError: Target page, context or browser has been closed
    at DispatcherConnection.dispatch (C:\Users\HP\AppData\Local\Temp\playwright-java-10635733016702679524\package\lib\server\dispatchers\dispatcher.js:266:44)
    at transport.onmessage (C:\Users\HP\AppData\Local\Temp\playwright-java-10635733016702679524\package\lib\cli\driver.js:52:57)
    at Immediate._onImmediate (C:\Users\HP\AppData\Local\Temp\playwright-java-10635733016702679524\package\lib\protocol\transport.js:77:34)
    at process.processImmediate (node:internal/timers:478:21)
}" type="com.microsoft.playwright.PlaywrightException">
      <![CDATA[com.microsoft.playwright.PlaywrightException: Error {
  message='Target page, context or browser has been closed
  name='TargetClosedError
  stack='TargetClosedError: Target page, context or browser has been closed
    at DispatcherConnection.dispatch (C:\Users\HP\AppData\Local\Temp\playwright-java-10635733016702679524\package\lib\server\dispatchers\dispatcher.js:266:44)
    at transport.onmessage (C:\Users\HP\AppData\Local\Temp\playwright-java-10635733016702679524\package\lib\cli\driver.js:52:57)
    at Immediate._onImmediate (C:\Users\HP\AppData\Local\Temp\playwright-java-10635733016702679524\package\lib\protocol\transport.js:77:34)
    at process.processImmediate (node:internal/timers:478:21)
}
at com.microsoft.playwright.impl.WaitableResult.get(WaitableResult.java:54)
at com.microsoft.playwright.impl.ChannelOwner.runUntil(ChannelOwner.java:120)
at com.microsoft.playwright.impl.Connection.sendMessage(Connection.java:129)
at com.microsoft.playwright.impl.ChannelOwner.sendMessage(ChannelOwner.java:106)
at com.microsoft.playwright.impl.FrameImpl.fillImpl(FrameImpl.java:335)
at com.microsoft.playwright.impl.PageImpl.lambda$fill$27(PageImpl.java:665)
at com.microsoft.playwright.impl.LoggingSupport.lambda$withLogging$0(LoggingSupport.java:36)
at com.microsoft.playwright.impl.LoggingSupport.withLogging(LoggingSupport.java:47)
at com.microsoft.playwright.impl.ChannelOwner.withLogging(ChannelOwner.java:89)
at com.microsoft.playwright.impl.LoggingSupport.withLogging(LoggingSupport.java:35)
at com.microsoft.playwright.impl.PageImpl.fill(PageImpl.java:664)
at com.microsoft.playwright.Page.fill(Page.java:4568)
at com.qa.Webshop.Page.CheckoutPage.CheckoutOptions(CheckoutPage.java:31)
at com.qa.Webshop.Test.Test.checkoutPageTest(Test.java:35)
at java.base/jdk.internal.reflect.NativeMethodAccessorImpl.invoke0(Native Method)
at java.base/jdk.internal.reflect.NativeMethodAccessorImpl.invoke(NativeMethodAccessorImpl.java:77)
at java.base/jdk.internal.reflect.DelegatingMethodAccessorImpl.invoke(DelegatingMethodAccessorImpl.java:43)
at java.base/java.lang.reflect.Method.invoke(Method.java:568)
at org.testng.internal.MethodInvocationHelper.invokeMethod(MethodInvocationHelper.java:133)
at org.testng.internal.TestInvoker.invokeMethod(TestInvoker.java:598)
at org.testng.internal.TestInvoker.invokeTestMethod(TestInvoker.java:173)
at org.testng.internal.MethodRunner.runInSequence(MethodRunner.java:46)
at org.testng.internal.TestInvoker$MethodInvocationAgent.invoke(TestInvoker.java:824)
at org.testng.internal.TestInvoker.invokeTestMethods(TestInvoker.java:146)
at org.testng.internal.TestMethodWorker.invokeTestMethods(TestMethodWorker.java:146)
at org.testng.internal.TestMethodWorker.run(TestMethodWorker.java:128)
at java.base/java.util.ArrayList.forEach(ArrayList.java:1511)
at org.testng.TestRunner.privateRun(TestRunner.java:794)
at org.testng.TestRunner.run(TestRunner.java:596)
at org.testng.SuiteRunner.runTest(SuiteRunner.java:377)
at org.testng.SuiteRunner.runSequentially(SuiteRunner.java:371)
at org.testng.SuiteRunner.privateRun(SuiteRunner.java:332)
at org.testng.SuiteRunner.run(SuiteRunner.java:276)
at org.testng.SuiteRunnerWorker.runSuite(SuiteRunnerWorker.java:53)
at org.testng.SuiteRunnerWorker.run(SuiteRunnerWorker.java:96)
at org.testng.TestNG.runSuitesSequentially(TestNG.java:1212)
at org.testng.TestNG.runSuitesLocally(TestNG.java:1134)
at org.testng.TestNG.runSuites(TestNG.java:1063)
at org.testng.TestNG.run(TestNG.java:1031)
at org.testng.remote.AbstractRemoteTestNG.run(AbstractRemoteTestNG.java:115)
at org.testng.remote.RemoteTestNG.initAndRun(RemoteTestNG.java:251)
at org.testng.remote.RemoteTestNG.main(RemoteTestNG.java:77)
Caused by: com.microsoft.playwright.impl.TargetClosedError: Error {
  message='Target page, context or browser has been closed
  name='TargetClosedError
  stack='TargetClosedError: Target page, context or browser has been closed
    at DispatcherConnection.dispatch (C:\Users\HP\AppData\Local\Temp\playwright-java-10635733016702679524\package\lib\server\dispatchers\dispatcher.js:266:44)
    at transport.onmessage (C:\Users\HP\AppData\Local\Temp\playwright-java-10635733016702679524\package\lib\cli\driver.js:52:57)
    at Immediate._onImmediate (C:\Users\HP\AppData\Local\Temp\playwright-java-10635733016702679524\package\lib\protocol\transport.js:77:34)
    at process.processImmediate (node:internal/timers:478:21)
}
at com.microsoft.playwright.impl.Connection.dispatch(Connection.java:254)
at com.microsoft.playwright.impl.Connection.processOneMessage(Connection.java:209)
at com.microsoft.playwright.impl.ChannelOwner.runUntil(ChannelOwner.java:118)
... 40 more
]]>
    </error>
  </testcase> <!-- checkoutPageTest -->
  <system-out/>
</testsuite> <!-- com.qa.Webshop.Test.Test -->
