<?xml version="1.0" encoding="UTF-8"?>
<!-- Generated by org.testng.reporters.JUnitReportReporter -->
<testsuite hostname="LAPTOP-P9UGU7PC" failures="0" tests="1" name="com.qa.Webshop.baseTest.Test2" time="35.042" errors="0" timestamp="2024-01-09T15:23:36 IST" skipped="0">
  <testcase classname="com.qa.Webshop.baseTest.Test2" name="m1" time="35.042"/>
  <system-out/>
</testsuite> <!-- com.qa.Webshop.baseTest.Test2 -->
