<?xml version="1.0" encoding="UTF-8"?>
<!-- Generated by org.testng.reporters.JUnitReportReporter -->
<testsuite hostname="LAPTOP-P9UGU7PC" failures="0" tests="1" name="com.qa.Webshop.baseTest.Test3" time="11.532" errors="0" timestamp="2024-01-09T18:47:07 IST" skipped="0">
  <testcase classname="com.qa.Webshop.baseTest.Test3" name="m1" time="11.532"/>
  <system-out/>
</testsuite> <!-- com.qa.Webshop.baseTest.Test3 -->
